<?xml version="1.0" encoding="UTF-8"?>
<!-- Generated by org.testng.reporters.JUnitXMLReporter -->
<testsuite hostname="Gouravs-MacBook-Air.local" name="Test4" tests="6" failures="0" timestamp="14 Oct 2018 22:44:47 GMT" time="63.57" errors="0">
  <testcase name="validateSearchButton" time="2.299" classname="test.validateHomePage"/>
  <testcase name="validateProductDetails" time="5.457" classname="test.validateHomePage"/>
  <testcase name="validateItemCountInCart" time="1.319" classname="test.validateHomePage"/>
  <testcase name="validateCartPageIsDisplayed" time="1.726" classname="test.validateHomePage"/>
  <testcase name="validateItemInCart" time="50.122" classname="test.validateHomePage"/>
  <testcase name="validateLoginOnCheckout" time="0.736" classname="test.validateHomePage"/>
</testsuite> <!-- Test4 -->
