<?xml version="1.0" encoding="UTF-8"?>
<!-- Generated by org.testng.reporters.JUnitXMLReporter -->
<testsuite hostname="Gouravs-MacBook-Air.local" name="Test2" tests="6" failures="0" timestamp="14 Oct 2018 22:42:36 GMT" time="66.763" errors="0">
  <testcase name="validateSearchButton" time="2.751" classname="test.validateHomePage"/>
  <testcase name="validateProductDetails" time="7.816" classname="test.validateHomePage"/>
  <testcase name="validateItemCountInCart" time="1.269" classname="test.validateHomePage"/>
  <testcase name="validateCartPageIsDisplayed" time="1.521" classname="test.validateHomePage"/>
  <testcase name="validateItemInCart" time="50.167" classname="test.validateHomePage"/>
  <testcase name="validateLoginOnCheckout" time="0.79" classname="test.validateHomePage"/>
</testsuite> <!-- Test2 -->
