<?xml version="1.0" encoding="UTF-8"?>
<!-- Generated by org.testng.reporters.JUnitXMLReporter -->
<testsuite hostname="Gouravs-MacBook-Air.local" name="Test1" tests="6" failures="0" timestamp="14 Oct 2018 22:41:29 GMT" time="73.357" errors="0">
  <testcase name="validateSearchButton" time="4.879" classname="test.validateHomePage"/>
  <testcase name="validateProductDetails" time="9.397" classname="test.validateHomePage"/>
  <testcase name="validateItemCountInCart" time="1.264" classname="test.validateHomePage"/>
  <testcase name="validateCartPageIsDisplayed" time="1.782" classname="test.validateHomePage"/>
  <testcase name="validateItemInCart" time="50.092" classname="test.validateHomePage"/>
  <testcase name="validateLoginOnCheckout" time="1.01" classname="test.validateHomePage"/>
</testsuite> <!-- Test1 -->
